c:\users\thedb\desktop\sourcecode\snakegame\snakegame\x64\debug\vc143.pdb
c:\users\thedb\desktop\sourcecode\snakegame\snakegame\x64\debug\vc143.idb
c:\users\thedb\desktop\sourcecode\snakegame\snakegame\x64\debug\testkeystroke.obj
c:\users\thedb\desktop\sourcecode\snakegame\snakegame\x64\debug\snake.obj
c:\users\thedb\desktop\sourcecode\snakegame\snakegame\x64\debug\keyboard.obj
c:\users\thedb\desktop\sourcecode\snakegame\snakegame\x64\debug\snakegame.obj
c:\users\thedb\desktop\sourcecode\snakegame\snakegame\x64\debug\gameround.obj
c:\users\thedb\desktop\sourcecode\snakegame\snakegame\x64\debug\board.obj
c:\users\thedb\desktop\sourcecode\snakegame\x64\debug\snakegame.exe
c:\users\thedb\desktop\sourcecode\snakegame\x64\debug\snakegame.pdb
c:\users\thedb\desktop\sourcecode\snakegame\snakegame\x64\debug\snakegame.ilk
c:\users\thedb\desktop\sourcecode\snakegame\snakegame\x64\debug\boardprinting.obj
c:\users\thedb\desktop\sourcecode\snakegame\snakegame\x64\debug\gameround.obj.enc
c:\users\thedb\desktop\sourcecode\snakegame\snakegame\x64\debug\keyboard.obj.enc
c:\users\thedb\desktop\sourcecode\snakegame\snakegame\x64\debug\snakegame.tlog\cl.command.1.tlog
c:\users\thedb\desktop\sourcecode\snakegame\snakegame\x64\debug\snakegame.tlog\cl.items.tlog
c:\users\thedb\desktop\sourcecode\snakegame\snakegame\x64\debug\snakegame.tlog\cl.read.1.tlog
c:\users\thedb\desktop\sourcecode\snakegame\snakegame\x64\debug\snakegame.tlog\cl.write.1.tlog
c:\users\thedb\desktop\sourcecode\snakegame\snakegame\x64\debug\snakegame.tlog\link.command.1.tlog
c:\users\thedb\desktop\sourcecode\snakegame\snakegame\x64\debug\snakegame.tlog\link.read.1.tlog
c:\users\thedb\desktop\sourcecode\snakegame\snakegame\x64\debug\snakegame.tlog\link.secondary.1.tlog
c:\users\thedb\desktop\sourcecode\snakegame\snakegame\x64\debug\snakegame.tlog\link.write.1.tlog
